#
# There is insufficient memory for the Java Runtime Environment to continue.
# Native memory allocation (mmap) failed to map 65536 bytes for Failed to commit metaspace.
# Possible reasons:
#   The system is out of physical RAM or swap space
#   The process is running with CompressedOops enabled, and the Java Heap may be blocking the growth of the native heap
# Possible solutions:
#   Reduce memory load on the system
#   Increase physical memory or swap space
#   Check if swap backing store is full
#   Decrease Java heap size (-Xmx/-Xms)
#   Decrease number of Java threads
#   Decrease Java thread stack sizes (-Xss)
#   Set larger code cache with -XX:ReservedCodeCacheSize=
#   JVM is running with Zero Based Compressed Oops mode in which the Java heap is
#     placed in the first 32GB address space. The Java Heap base address is the
#     maximum limit for the native heap growth. Please use -XX:HeapBaseMinAddress
#     to set the Java Heap base and to place the Java Heap above 32GB virtual address.
# This output file may be truncated or incomplete.
#
#  Out of Memory Error (virtualSpaceNode.cpp:112), pid=22676, tid=5568
#
# JRE version: OpenJDK Runtime Environment Corretto-21.0.2.13.1 (21.0.2+13) (build 21.0.2+13-LTS)
# Java VM: OpenJDK 64-Bit Server VM Corretto-21.0.2.13.1 (21.0.2+13-LTS, mixed mode, sharing, tiered, compressed oops, compressed class ptrs, g1 gc, windows-amd64)
# No core dump will be written. Minidumps are not enabled by default on client versions of Windows
#

---------------  S U M M A R Y ------------

Command Line: -Dclassworlds.conf=D:\Programs\apache-maven-3.9.8\bin\m2.conf -Dmaven.home=D:\Programs\apache-maven-3.9.8 -Dlibrary.jansi.path=D:\Programs\apache-maven-3.9.8\lib\jansi-native -Dmaven.multiModuleProjectDirectory=D:\work\in28minutes\spring-microservices-v2-main\05.kubernetes\currency-conversion-service org.codehaus.plexus.classworlds.launcher.Launcher spring-boot:build-image

Host: Intel(R) Core(TM) i5-8400 CPU @ 2.80GHz, 6 cores, 31G,  Windows 10 , 64 bit Build 19041 (10.0.19041.4597)
Time: Tue Jul 16 11:35:32 2024 E. Europe Daylight Time elapsed time: 0.250997 seconds (0d 0h 0m 0s)

---------------  T H R E A D  ---------------

Current thread (0x000002c2eb7aa1c0):  JavaThread "main"             [_thread_in_vm, id=5568, stack(0x000000fed0000000,0x000000fed0100000) (1024K)]

Stack: [0x000000fed0000000,0x000000fed0100000]
Native frames: (J=compiled Java code, j=interpreted, Vv=VM code, C=native code)
V  [jvm.dll+0x6d47f9]
V  [jvm.dll+0x8afff3]
V  [jvm.dll+0x8b234e]
V  [jvm.dll+0x8b2a33]
V  [jvm.dll+0x284e96]
V  [jvm.dll+0x8abc6e]
V  [jvm.dll+0x676305]
V  [jvm.dll+0x1e9191]
V  [jvm.dll+0x1e8f5e]
V  [jvm.dll+0x678c18]
V  [jvm.dll+0x678a52]
V  [jvm.dll+0x676cbe]
V  [jvm.dll+0x26ef4f]
V  [jvm.dll+0x680f45]
V  [jvm.dll+0x21b3bc]
V  [jvm.dll+0x21b905]
V  [jvm.dll+0x21c3fb]
V  [jvm.dll+0x21126e]
V  [jvm.dll+0x5b46cb]
V  [jvm.dll+0x828316]
V  [jvm.dll+0x476c53]
V  [jvm.dll+0x47ca58]
C  [java.dll+0x17ec]

Java frames: (J=compiled Java code, j=interpreted, Vv=VM code)
j  java.lang.ClassLoader.defineClass1(Ljava/lang/ClassLoader;Ljava/lang/String;[BIILjava/security/ProtectionDomain;Ljava/lang/String;)Ljava/lang/Class;+0 java.base@21.0.2
j  java.lang.ClassLoader.defineClass(Ljava/lang/String;[BIILjava/security/ProtectionDomain;)Ljava/lang/Class;+27 java.base@21.0.2
j  java.security.SecureClassLoader.defineClass(Ljava/lang/String;[BIILjava/security/CodeSource;)Ljava/lang/Class;+12 java.base@21.0.2
j  java.net.URLClassLoader.defineClass(Ljava/lang/String;Ljdk/internal/loader/Resource;)Ljava/lang/Class;+220 java.base@21.0.2
j  java.net.URLClassLoader$1.run()Ljava/lang/Class;+43 java.base@21.0.2
j  java.net.URLClassLoader$1.run()Ljava/lang/Object;+1 java.base@21.0.2
j  java.security.AccessController.executePrivileged(Ljava/security/PrivilegedExceptionAction;Ljava/security/AccessControlContext;Ljava/lang/Class;)Ljava/lang/Object;+29 java.base@21.0.2
j  java.security.AccessController.doPrivileged(Ljava/security/PrivilegedExceptionAction;Ljava/security/AccessControlContext;)Ljava/lang/Object;+13 java.base@21.0.2
j  java.net.URLClassLoader.findClass(Ljava/lang/String;)Ljava/lang/Class;+13 java.base@21.0.2
j  org.codehaus.plexus.classworlds.realm.ClassRealm.findClassInternal(Ljava/lang/String;)Ljava/lang/Class;+2
j  org.codehaus.plexus.classworlds.realm.ClassRealm.loadClassFromSelf(Ljava/lang/String;)Ljava/lang/Class;+20
j  org.codehaus.plexus.classworlds.strategy.SelfFirstStrategy.loadClass(Ljava/lang/String;)Ljava/lang/Class;+18
j  org.codehaus.plexus.classworlds.realm.ClassRealm.unsynchronizedLoadClass(Ljava/lang/String;Z)Ljava/lang/Class;+13
j  org.codehaus.plexus.classworlds.realm.ClassRealm.loadClass(Ljava/lang/String;Z)Ljava/lang/Class;+9
j  org.codehaus.plexus.classworlds.realm.ClassRealm.loadClass(Ljava/lang/String;)Ljava/lang/Class;+3
v  ~StubRoutines::call_stub 0x000002c28753100d
j  org.fusesource.jansi.AnsiConsole.ansiStream(Z)Lorg/fusesource/jansi/AnsiPrintStream;+211
j  org.fusesource.jansi.AnsiConsole.initStreams()V+7
j  org.fusesource.jansi.AnsiConsole.systemInstall()V+6
j  org.apache.maven.shared.utils.logging.MessageUtils.systemInstall()V+6
j  org.apache.maven.cli.MavenCli.main([Ljava/lang/String;Lorg/codehaus/plexus/classworlds/ClassWorld;)I+8
j  java.lang.invoke.DirectMethodHandle$Holder.invokeStatic(Ljava/lang/Object;Ljava/lang/Object;Ljava/lang/Object;)I+11 java.base@21.0.2
j  java.lang.invoke.LambdaForm$MH+0x000002c298009400.invoke(Ljava/lang/Object;Ljava/lang/Object;Ljava/lang/Object;Ljava/lang/Object;)Ljava/lang/Object;+54 java.base@21.0.2
j  java.lang.invoke.LambdaForm$MH+0x000002c298009800.invokeExact_MT(Ljava/lang/Object;Ljava/lang/Object;Ljava/lang/Object;Ljava/lang/Object;Ljava/lang/Object;)Ljava/lang/Object;+22 java.base@21.0.2
j  jdk.internal.reflect.DirectMethodHandleAccessor.invokeImpl(Ljava/lang/Object;[Ljava/lang/Object;)Ljava/lang/Object;+72 java.base@21.0.2
j  jdk.internal.reflect.DirectMethodHandleAccessor.invoke(Ljava/lang/Object;[Ljava/lang/Object;)Ljava/lang/Object;+23 java.base@21.0.2
j  java.lang.reflect.Method.invoke(Ljava/lang/Object;[Ljava/lang/Object;)Ljava/lang/Object;+102 java.base@21.0.2
j  org.codehaus.plexus.classworlds.launcher.Launcher.launchEnhanced([Ljava/lang/String;)V+45
j  org.codehaus.plexus.classworlds.launcher.Launcher.launch([Ljava/lang/String;)V+2
j  org.codehaus.plexus.classworlds.launcher.Launcher.mainWithExitCode([Ljava/lang/String;)I+108
j  org.codehaus.plexus.classworlds.launcher.Launcher.main([Ljava/lang/String;)V+1
v  ~StubRoutines::call_stub 0x000002c28753100d

---------------  P R O C E S S  ---------------

Threads class SMR info:
_java_thread_list=0x000002c2fa9be9f0, length=11, elements={
0x000002c2eb7aa1c0, 0x000002c2fa9c1c90, 0x000002c2fa9c27f0, 0x000002c2fa9c68c0,
0x000002c2fa9c75a0, 0x000002c2fa9cc020, 0x000002c2dc100dc0, 0x000002c2dc101b70,
0x000002c2dc12bb70, 0x000002c2dc2bc6d0, 0x000002c2dc2bf160
}

Java Threads: ( => current thread )
=>0x000002c2eb7aa1c0 JavaThread "main"                              [_thread_in_vm, id=5568, stack(0x000000fed0000000,0x000000fed0100000) (1024K)]
  0x000002c2fa9c1c90 JavaThread "Reference Handler"          daemon [_thread_blocked, id=4912, stack(0x000000fed0800000,0x000000fed0900000) (1024K)]
  0x000002c2fa9c27f0 JavaThread "Finalizer"                  daemon [_thread_blocked, id=12840, stack(0x000000fed0900000,0x000000fed0a00000) (1024K)]
  0x000002c2fa9c68c0 JavaThread "Signal Dispatcher"          daemon [_thread_blocked, id=14244, stack(0x000000fed0a00000,0x000000fed0b00000) (1024K)]
  0x000002c2fa9c75a0 JavaThread "Attach Listener"            daemon [_thread_blocked, id=28576, stack(0x000000fed0b00000,0x000000fed0c00000) (1024K)]
  0x000002c2fa9cc020 JavaThread "Service Thread"             daemon [_thread_blocked, id=33244, stack(0x000000fed0c00000,0x000000fed0d00000) (1024K)]
  0x000002c2dc100dc0 JavaThread "Monitor Deflation Thread"   daemon [_thread_blocked, id=21824, stack(0x000000fed0d00000,0x000000fed0e00000) (1024K)]
  0x000002c2dc101b70 JavaThread "C2 CompilerThread0"         daemon [_thread_blocked, id=34704, stack(0x000000fed0e00000,0x000000fed0f00000) (1024K)]
  0x000002c2dc12bb70 JavaThread "C1 CompilerThread0"         daemon [_thread_blocked, id=15672, stack(0x000000fed0f00000,0x000000fed1000000) (1024K)]
  0x000002c2dc2bc6d0 JavaThread "Notification Thread"        daemon [_thread_blocked, id=39220, stack(0x000000fed1000000,0x000000fed1100000) (1024K)]
  0x000002c2dc2bf160 JavaThread "Common-Cleaner"             daemon [_thread_blocked, id=46788, stack(0x000000fed1100000,0x000000fed1200000) (1024K)]
Total: 11

Other Threads:
  0x000002c2fa9a1bb0 VMThread "VM Thread"                           [id=43564, stack(0x000000fed0700000,0x000000fed0800000) (1024K)]
  0x000002c2fa985630 WatcherThread "VM Periodic Task Thread"        [id=5420, stack(0x000000fed0600000,0x000000fed0700000) (1024K)]
  0x000002c2edc691f0 WorkerThread "GC Thread#0"                     [id=46340, stack(0x000000fed0100000,0x000000fed0200000) (1024K)]
  0x000002c2edc79fe0 ConcurrentGCThread "G1 Main Marker"            [id=48340, stack(0x000000fed0200000,0x000000fed0300000) (1024K)]
  0x000002c2edc7b340 WorkerThread "G1 Conc#0"                       [id=51488, stack(0x000000fed0300000,0x000000fed0400000) (1024K)]
  0x000002c2fa846ae0 ConcurrentGCThread "G1 Refine#0"               [id=16708, stack(0x000000fed0400000,0x000000fed0500000) (1024K)]
  0x000002c2fa848410 ConcurrentGCThread "G1 Service"                [id=7564, stack(0x000000fed0500000,0x000000fed0600000) (1024K)]
Total: 7

Threads with active compile tasks:
Total: 0

VM state: not at safepoint (normal execution)

VM Mutex/Monitor currently owned by a thread:  ([mutex/lock_event])
[0x00007ffd7afae0b8] Metaspace_lock - owner thread: 0x000002c2eb7aa1c0

OutOfMemory and StackOverflow Exception counts:
StackOverflowErrors=1
LinkageErrors=2

Heap address: 0x0000000602000000, size: 8160 MB, Compressed Oops mode: Zero based, Oop shift amount: 3

CDS archive(s) mapped at: [0x000002c297000000-0x000002c297c90000-0x000002c297c90000), size 13172736, SharedBaseAddress: 0x000002c297000000, ArchiveRelocationMode: 1.
Compressed class space mapped at: 0x000002c298000000-0x000002c2d8000000, reserved size: 1073741824
Narrow klass base: 0x000002c297000000, Narrow klass shift: 0, Narrow klass range: 0x100000000

GC Precious Log:
 CardTable entry size: 512
 Card Set container configuration: InlinePtr #cards 4 size 8 Array Of Cards #cards 32 size 80 Howl #buckets 8 coarsen threshold 7372 Howl Bitmap #cards 1024 size 144 coarsen threshold 921 Card regions per heap region 1 cards per card region 8192
 CPUs: 6 total, 6 available
 Memory: 32639M
 Large Page Support: Disabled
 NUMA Support: Disabled
 Compressed Oops: Enabled (Zero based)
 Heap Region Size: 4M
 Heap Min Capacity: 8M
 Heap Initial Capacity: 512M
 Heap Max Capacity: 8160M
 Pre-touch: Disabled
 Parallel Workers: 6
 Concurrent Workers: 2
 Concurrent Refinement Workers: 6
 Periodic GC: Disabled

Heap:
 garbage-first heap   total 524288K, used 4096K [0x0000000602000000, 0x0000000800000000)
  region size 4096K, 2 young (8192K), 0 survivors (0K)
 Metaspace       used 1238K, committed 1344K, reserved 1114112K
  class space    used 107K, committed 192K, reserved 1048576K

Heap Regions: E=young(eden), S=young(survivor), O=old, HS=humongous(starts), HC=humongous(continues), CS=collection set, F=free, TAMS=top-at-mark-start, PB=parsable bottom
|   0|0x0000000602000000, 0x0000000602000000, 0x0000000602400000|  0%| F|  |TAMS 0x0000000602000000| PB 0x0000000602000000| Untracked 
|   1|0x0000000602400000, 0x0000000602400000, 0x0000000602800000|  0%| F|  |TAMS 0x0000000602400000| PB 0x0000000602400000| Untracked 
|   2|0x0000000602800000, 0x0000000602800000, 0x0000000602c00000|  0%| F|  |TAMS 0x0000000602800000| PB 0x0000000602800000| Untracked 
|   3|0x0000000602c00000, 0x0000000602c00000, 0x0000000603000000|  0%| F|  |TAMS 0x0000000602c00000| PB 0x0000000602c00000| Untracked 
|   4|0x0000000603000000, 0x0000000603000000, 0x0000000603400000|  0%| F|  |TAMS 0x0000000603000000| PB 0x0000000603000000| Untracked 
|   5|0x0000000603400000, 0x0000000603400000, 0x0000000603800000|  0%| F|  |TAMS 0x0000000603400000| PB 0x0000000603400000| Untracked 
|   6|0x0000000603800000, 0x0000000603800000, 0x0000000603c00000|  0%| F|  |TAMS 0x0000000603800000| PB 0x0000000603800000| Untracked 
|   7|0x0000000603c00000, 0x0000000603c00000, 0x0000000604000000|  0%| F|  |TAMS 0x0000000603c00000| PB 0x0000000603c00000| Untracked 
|   8|0x0000000604000000, 0x0000000604000000, 0x0000000604400000|  0%| F|  |TAMS 0x0000000604000000| PB 0x0000000604000000| Untracked 
|   9|0x0000000604400000, 0x0000000604400000, 0x0000000604800000|  0%| F|  |TAMS 0x0000000604400000| PB 0x0000000604400000| Untracked 
|  10|0x0000000604800000, 0x0000000604800000, 0x0000000604c00000|  0%| F|  |TAMS 0x0000000604800000| PB 0x0000000604800000| Untracked 
|  11|0x0000000604c00000, 0x0000000604c00000, 0x0000000605000000|  0%| F|  |TAMS 0x0000000604c00000| PB 0x0000000604c00000| Untracked 
|  12|0x0000000605000000, 0x0000000605000000, 0x0000000605400000|  0%| F|  |TAMS 0x0000000605000000| PB 0x0000000605000000| Untracked 
|  13|0x0000000605400000, 0x0000000605400000, 0x0000000605800000|  0%| F|  |TAMS 0x0000000605400000| PB 0x0000000605400000| Untracked 
|  14|0x0000000605800000, 0x0000000605800000, 0x0000000605c00000|  0%| F|  |TAMS 0x0000000605800000| PB 0x0000000605800000| Untracked 
|  15|0x0000000605c00000, 0x0000000605c00000, 0x0000000606000000|  0%| F|  |TAMS 0x0000000605c00000| PB 0x0000000605c00000| Untracked 
|  16|0x0000000606000000, 0x0000000606000000, 0x0000000606400000|  0%| F|  |TAMS 0x0000000606000000| PB 0x0000000606000000| Untracked 
|  17|0x0000000606400000, 0x0000000606400000, 0x0000000606800000|  0%| F|  |TAMS 0x0000000606400000| PB 0x0000000606400000| Untracked 
|  18|0x0000000606800000, 0x0000000606800000, 0x0000000606c00000|  0%| F|  |TAMS 0x0000000606800000| PB 0x0000000606800000| Untracked 
|  19|0x0000000606c00000, 0x0000000606c00000, 0x0000000607000000|  0%| F|  |TAMS 0x0000000606c00000| PB 0x0000000606c00000| Untracked 
|  20|0x0000000607000000, 0x0000000607000000, 0x0000000607400000|  0%| F|  |TAMS 0x0000000607000000| PB 0x0000000607000000| Untracked 
|  21|0x0000000607400000, 0x0000000607400000, 0x0000000607800000|  0%| F|  |TAMS 0x0000000607400000| PB 0x0000000607400000| Untracked 
|  22|0x0000000607800000, 0x0000000607800000, 0x0000000607c00000|  0%| F|  |TAMS 0x0000000607800000| PB 0x0000000607800000| Untracked 
|  23|0x0000000607c00000, 0x0000000607c00000, 0x0000000608000000|  0%| F|  |TAMS 0x0000000607c00000| PB 0x0000000607c00000| Untracked 
|  24|0x0000000608000000, 0x0000000608000000, 0x0000000608400000|  0%| F|  |TAMS 0x0000000608000000| PB 0x0000000608000000| Untracked 
|  25|0x0000000608400000, 0x0000000608400000, 0x0000000608800000|  0%| F|  |TAMS 0x0000000608400000| PB 0x0000000608400000| Untracked 
|  26|0x0000000608800000, 0x0000000608800000, 0x0000000608c00000|  0%| F|  |TAMS 0x0000000608800000| PB 0x0000000608800000| Untracked 
|  27|0x0000000608c00000, 0x0000000608c00000, 0x0000000609000000|  0%| F|  |TAMS 0x0000000608c00000| PB 0x0000000608c00000| Untracked 
|  28|0x0000000609000000, 0x0000000609000000, 0x0000000609400000|  0%| F|  |TAMS 0x0000000609000000| PB 0x0000000609000000| Untracked 
|  29|0x0000000609400000, 0x0000000609400000, 0x0000000609800000|  0%| F|  |TAMS 0x0000000609400000| PB 0x0000000609400000| Untracked 
|  30|0x0000000609800000, 0x0000000609800000, 0x0000000609c00000|  0%| F|  |TAMS 0x0000000609800000| PB 0x0000000609800000| Untracked 
|  31|0x0000000609c00000, 0x0000000609c00000, 0x000000060a000000|  0%| F|  |TAMS 0x0000000609c00000| PB 0x0000000609c00000| Untracked 
|  32|0x000000060a000000, 0x000000060a000000, 0x000000060a400000|  0%| F|  |TAMS 0x000000060a000000| PB 0x000000060a000000| Untracked 
|  33|0x000000060a400000, 0x000000060a400000, 0x000000060a800000|  0%| F|  |TAMS 0x000000060a400000| PB 0x000000060a400000| Untracked 
|  34|0x000000060a800000, 0x000000060a800000, 0x000000060ac00000|  0%| F|  |TAMS 0x000000060a800000| PB 0x000000060a800000| Untracked 
|  35|0x000000060ac00000, 0x000000060ac00000, 0x000000060b000000|  0%| F|  |TAMS 0x000000060ac00000| PB 0x000000060ac00000| Untracked 
|  36|0x000000060b000000, 0x000000060b000000, 0x000000060b400000|  0%| F|  |TAMS 0x000000060b000000| PB 0x000000060b000000| Untracked 
|  37|0x000000060b400000, 0x000000060b400000, 0x000000060b800000|  0%| F|  |TAMS 0x000000060b400000| PB 0x000000060b400000| Untracked 
|  38|0x000000060b800000, 0x000000060b800000, 0x000000060bc00000|  0%| F|  |TAMS 0x000000060b800000| PB 0x000000060b800000| Untracked 
|  39|0x000000060bc00000, 0x000000060bc00000, 0x000000060c000000|  0%| F|  |TAMS 0x000000060bc00000| PB 0x000000060bc00000| Untracked 
|  40|0x000000060c000000, 0x000000060c000000, 0x000000060c400000|  0%| F|  |TAMS 0x000000060c000000| PB 0x000000060c000000| Untracked 
|  41|0x000000060c400000, 0x000000060c400000, 0x000000060c800000|  0%| F|  |TAMS 0x000000060c400000| PB 0x000000060c400000| Untracked 
|  42|0x000000060c800000, 0x000000060c800000, 0x000000060cc00000|  0%| F|  |TAMS 0x000000060c800000| PB 0x000000060c800000| Untracked 
|  43|0x000000060cc00000, 0x000000060cc00000, 0x000000060d000000|  0%| F|  |TAMS 0x000000060cc00000| PB 0x000000060cc00000| Untracked 
|  44|0x000000060d000000, 0x000000060d000000, 0x000000060d400000|  0%| F|  |TAMS 0x000000060d000000| PB 0x000000060d000000| Untracked 
|  45|0x000000060d400000, 0x000000060d400000, 0x000000060d800000|  0%| F|  |TAMS 0x000000060d400000| PB 0x000000060d400000| Untracked 
|  46|0x000000060d800000, 0x000000060d800000, 0x000000060dc00000|  0%| F|  |TAMS 0x000000060d800000| PB 0x000000060d800000| Untracked 
|  47|0x000000060dc00000, 0x000000060dc00000, 0x000000060e000000|  0%| F|  |TAMS 0x000000060dc00000| PB 0x000000060dc00000| Untracked 
|  48|0x000000060e000000, 0x000000060e000000, 0x000000060e400000|  0%| F|  |TAMS 0x000000060e000000| PB 0x000000060e000000| Untracked 
|  49|0x000000060e400000, 0x000000060e400000, 0x000000060e800000|  0%| F|  |TAMS 0x000000060e400000| PB 0x000000060e400000| Untracked 
|  50|0x000000060e800000, 0x000000060e800000, 0x000000060ec00000|  0%| F|  |TAMS 0x000000060e800000| PB 0x000000060e800000| Untracked 
|  51|0x000000060ec00000, 0x000000060ec00000, 0x000000060f000000|  0%| F|  |TAMS 0x000000060ec00000| PB 0x000000060ec00000| Untracked 
|  52|0x000000060f000000, 0x000000060f000000, 0x000000060f400000|  0%| F|  |TAMS 0x000000060f000000| PB 0x000000060f000000| Untracked 
|  53|0x000000060f400000, 0x000000060f400000, 0x000000060f800000|  0%| F|  |TAMS 0x000000060f400000| PB 0x000000060f400000| Untracked 
|  54|0x000000060f800000, 0x000000060f800000, 0x000000060fc00000|  0%| F|  |TAMS 0x000000060f800000| PB 0x000000060f800000| Untracked 
|  55|0x000000060fc00000, 0x000000060fc00000, 0x0000000610000000|  0%| F|  |TAMS 0x000000060fc00000| PB 0x000000060fc00000| Untracked 
|  56|0x0000000610000000, 0x0000000610000000, 0x0000000610400000|  0%| F|  |TAMS 0x0000000610000000| PB 0x0000000610000000| Untracked 
|  57|0x0000000610400000, 0x0000000610400000, 0x0000000610800000|  0%| F|  |TAMS 0x0000000610400000| PB 0x0000000610400000| Untracked 
|  58|0x0000000610800000, 0x0000000610800000, 0x0000000610c00000|  0%| F|  |TAMS 0x0000000610800000| PB 0x0000000610800000| Untracked 
|  59|0x0000000610c00000, 0x0000000610c00000, 0x0000000611000000|  0%| F|  |TAMS 0x0000000610c00000| PB 0x0000000610c00000| Untracked 
|  60|0x0000000611000000, 0x0000000611000000, 0x0000000611400000|  0%| F|  |TAMS 0x0000000611000000| PB 0x0000000611000000| Untracked 
|  61|0x0000000611400000, 0x0000000611400000, 0x0000000611800000|  0%| F|  |TAMS 0x0000000611400000| PB 0x0000000611400000| Untracked 
|  62|0x0000000611800000, 0x0000000611800000, 0x0000000611c00000|  0%| F|  |TAMS 0x0000000611800000| PB 0x0000000611800000| Untracked 
|  63|0x0000000611c00000, 0x0000000611c00000, 0x0000000612000000|  0%| F|  |TAMS 0x0000000611c00000| PB 0x0000000611c00000| Untracked 
|  64|0x0000000612000000, 0x0000000612000000, 0x0000000612400000|  0%| F|  |TAMS 0x0000000612000000| PB 0x0000000612000000| Untracked 
|  65|0x0000000612400000, 0x0000000612400000, 0x0000000612800000|  0%| F|  |TAMS 0x0000000612400000| PB 0x0000000612400000| Untracked 
|  66|0x0000000612800000, 0x0000000612800000, 0x0000000612c00000|  0%| F|  |TAMS 0x0000000612800000| PB 0x0000000612800000| Untracked 
|  67|0x0000000612c00000, 0x0000000612c00000, 0x0000000613000000|  0%| F|  |TAMS 0x0000000612c00000| PB 0x0000000612c00000| Untracked 
|  68|0x0000000613000000, 0x0000000613000000, 0x0000000613400000|  0%| F|  |TAMS 0x0000000613000000| PB 0x0000000613000000| Untracked 
|  69|0x0000000613400000, 0x0000000613400000, 0x0000000613800000|  0%| F|  |TAMS 0x0000000613400000| PB 0x0000000613400000| Untracked 
|  70|0x0000000613800000, 0x0000000613800000, 0x0000000613c00000|  0%| F|  |TAMS 0x0000000613800000| PB 0x0000000613800000| Untracked 
|  71|0x0000000613c00000, 0x0000000613c00000, 0x0000000614000000|  0%| F|  |TAMS 0x0000000613c00000| PB 0x0000000613c00000| Untracked 
|  72|0x0000000614000000, 0x0000000614000000, 0x0000000614400000|  0%| F|  |TAMS 0x0000000614000000| PB 0x0000000614000000| Untracked 
|  73|0x0000000614400000, 0x0000000614400000, 0x0000000614800000|  0%| F|  |TAMS 0x0000000614400000| PB 0x0000000614400000| Untracked 
|  74|0x0000000614800000, 0x0000000614800000, 0x0000000614c00000|  0%| F|  |TAMS 0x0000000614800000| PB 0x0000000614800000| Untracked 
|  75|0x0000000614c00000, 0x0000000614c00000, 0x0000000615000000|  0%| F|  |TAMS 0x0000000614c00000| PB 0x0000000614c00000| Untracked 
|  76|0x0000000615000000, 0x0000000615000000, 0x0000000615400000|  0%| F|  |TAMS 0x0000000615000000| PB 0x0000000615000000| Untracked 
|  77|0x0000000615400000, 0x0000000615400000, 0x0000000615800000|  0%| F|  |TAMS 0x0000000615400000| PB 0x0000000615400000| Untracked 
|  78|0x0000000615800000, 0x0000000615800000, 0x0000000615c00000|  0%| F|  |TAMS 0x0000000615800000| PB 0x0000000615800000| Untracked 
|  79|0x0000000615c00000, 0x0000000615c00000, 0x0000000616000000|  0%| F|  |TAMS 0x0000000615c00000| PB 0x0000000615c00000| Untracked 
|  80|0x0000000616000000, 0x0000000616000000, 0x0000000616400000|  0%| F|  |TAMS 0x0000000616000000| PB 0x0000000616000000| Untracked 
|  81|0x0000000616400000, 0x0000000616400000, 0x0000000616800000|  0%| F|  |TAMS 0x0000000616400000| PB 0x0000000616400000| Untracked 
|  82|0x0000000616800000, 0x0000000616800000, 0x0000000616c00000|  0%| F|  |TAMS 0x0000000616800000| PB 0x0000000616800000| Untracked 
|  83|0x0000000616c00000, 0x0000000616c00000, 0x0000000617000000|  0%| F|  |TAMS 0x0000000616c00000| PB 0x0000000616c00000| Untracked 
|  84|0x0000000617000000, 0x0000000617000000, 0x0000000617400000|  0%| F|  |TAMS 0x0000000617000000| PB 0x0000000617000000| Untracked 
|  85|0x0000000617400000, 0x0000000617400000, 0x0000000617800000|  0%| F|  |TAMS 0x0000000617400000| PB 0x0000000617400000| Untracked 
|  86|0x0000000617800000, 0x0000000617800000, 0x0000000617c00000|  0%| F|  |TAMS 0x0000000617800000| PB 0x0000000617800000| Untracked 
|  87|0x0000000617c00000, 0x0000000617c00000, 0x0000000618000000|  0%| F|  |TAMS 0x0000000617c00000| PB 0x0000000617c00000| Untracked 
|  88|0x0000000618000000, 0x0000000618000000, 0x0000000618400000|  0%| F|  |TAMS 0x0000000618000000| PB 0x0000000618000000| Untracked 
|  89|0x0000000618400000, 0x0000000618400000, 0x0000000618800000|  0%| F|  |TAMS 0x0000000618400000| PB 0x0000000618400000| Untracked 
|  90|0x0000000618800000, 0x0000000618800000, 0x0000000618c00000|  0%| F|  |TAMS 0x0000000618800000| PB 0x0000000618800000| Untracked 
|  91|0x0000000618c00000, 0x0000000618c00000, 0x0000000619000000|  0%| F|  |TAMS 0x0000000618c00000| PB 0x0000000618c00000| Untracked 
|  92|0x0000000619000000, 0x0000000619000000, 0x0000000619400000|  0%| F|  |TAMS 0x0000000619000000| PB 0x0000000619000000| Untracked 
|  93|0x0000000619400000, 0x0000000619400000, 0x0000000619800000|  0%| F|  |TAMS 0x0000000619400000| PB 0x0000000619400000| Untracked 
|  94|0x0000000619800000, 0x0000000619800000, 0x0000000619c00000|  0%| F|  |TAMS 0x0000000619800000| PB 0x0000000619800000| Untracked 
|  95|0x0000000619c00000, 0x0000000619c00000, 0x000000061a000000|  0%| F|  |TAMS 0x0000000619c00000| PB 0x0000000619c00000| Untracked 
|  96|0x000000061a000000, 0x000000061a000000, 0x000000061a400000|  0%| F|  |TAMS 0x000000061a000000| PB 0x000000061a000000| Untracked 
|  97|0x000000061a400000, 0x000000061a400000, 0x000000061a800000|  0%| F|  |TAMS 0x000000061a400000| PB 0x000000061a400000| Untracked 
|  98|0x000000061a800000, 0x000000061a800000, 0x000000061ac00000|  0%| F|  |TAMS 0x000000061a800000| PB 0x000000061a800000| Untracked 
|  99|0x000000061ac00000, 0x000000061ac00000, 0x000000061b000000|  0%| F|  |TAMS 0x000000061ac00000| PB 0x000000061ac00000| Untracked 
| 100|0x000000061b000000, 0x000000061b000000, 0x000000061b400000|  0%| F|  |TAMS 0x000000061b000000| PB 0x000000061b000000| Untracked 
| 101|0x000000061b400000, 0x000000061b400000, 0x000000061b800000|  0%| F|  |TAMS 0x000000061b400000| PB 0x000000061b400000| Untracked 
| 102|0x000000061b800000, 0x000000061b800000, 0x000000061bc00000|  0%| F|  |TAMS 0x000000061b800000| PB 0x000000061b800000| Untracked 
| 103|0x000000061bc00000, 0x000000061bc00000, 0x000000061c000000|  0%| F|  |TAMS 0x000000061bc00000| PB 0x000000061bc00000| Untracked 
| 104|0x000000061c000000, 0x000000061c000000, 0x000000061c400000|  0%| F|  |TAMS 0x000000061c000000| PB 0x000000061c000000| Untracked 
| 105|0x000000061c400000, 0x000000061c400000, 0x000000061c800000|  0%| F|  |TAMS 0x000000061c400000| PB 0x000000061c400000| Untracked 
| 106|0x000000061c800000, 0x000000061c800000, 0x000000061cc00000|  0%| F|  |TAMS 0x000000061c800000| PB 0x000000061c800000| Untracked 
| 107|0x000000061cc00000, 0x000000061cc00000, 0x000000061d000000|  0%| F|  |TAMS 0x000000061cc00000| PB 0x000000061cc00000| Untracked 
| 108|0x000000061d000000, 0x000000061d000000, 0x000000061d400000|  0%| F|  |TAMS 0x000000061d000000| PB 0x000000061d000000| Untracked 
| 109|0x000000061d400000, 0x000000061d400000, 0x000000061d800000|  0%| F|  |TAMS 0x000000061d400000| PB 0x000000061d400000| Untracked 
| 110|0x000000061d800000, 0x000000061d800000, 0x000000061dc00000|  0%| F|  |TAMS 0x000000061d800000| PB 0x000000061d800000| Untracked 
| 111|0x000000061dc00000, 0x000000061dc00000, 0x000000061e000000|  0%| F|  |TAMS 0x000000061dc00000| PB 0x000000061dc00000| Untracked 
| 112|0x000000061e000000, 0x000000061e000000, 0x000000061e400000|  0%| F|  |TAMS 0x000000061e000000| PB 0x000000061e000000| Untracked 
| 113|0x000000061e400000, 0x000000061e400000, 0x000000061e800000|  0%| F|  |TAMS 0x000000061e400000| PB 0x000000061e400000| Untracked 
| 114|0x000000061e800000, 0x000000061e800000, 0x000000061ec00000|  0%| F|  |TAMS 0x000000061e800000| PB 0x000000061e800000| Untracked 
| 115|0x000000061ec00000, 0x000000061ec00000, 0x000000061f000000|  0%| F|  |TAMS 0x000000061ec00000| PB 0x000000061ec00000| Untracked 
| 116|0x000000061f000000, 0x000000061f000000, 0x000000061f400000|  0%| F|  |TAMS 0x000000061f000000| PB 0x000000061f000000| Untracked 
| 117|0x000000061f400000, 0x000000061f400000, 0x000000061f800000|  0%| F|  |TAMS 0x000000061f400000| PB 0x000000061f400000| Untracked 
| 118|0x000000061f800000, 0x000000061f800000, 0x000000061fc00000|  0%| F|  |TAMS 0x000000061f800000| PB 0x000000061f800000| Untracked 
| 119|0x000000061fc00000, 0x000000061fc00000, 0x0000000620000000|  0%| F|  |TAMS 0x000000061fc00000| PB 0x000000061fc00000| Untracked 
| 120|0x0000000620000000, 0x0000000620000000, 0x0000000620400000|  0%| F|  |TAMS 0x0000000620000000| PB 0x0000000620000000| Untracked 
| 121|0x0000000620400000, 0x0000000620400000, 0x0000000620800000|  0%| F|  |TAMS 0x0000000620400000| PB 0x0000000620400000| Untracked 
| 122|0x0000000620800000, 0x0000000620800000, 0x0000000620c00000|  0%| F|  |TAMS 0x0000000620800000| PB 0x0000000620800000| Untracked 
| 123|0x0000000620c00000, 0x0000000620c00000, 0x0000000621000000|  0%| F|  |TAMS 0x0000000620c00000| PB 0x0000000620c00000| Untracked 
| 124|0x0000000621000000, 0x0000000621000000, 0x0000000621400000|  0%| F|  |TAMS 0x0000000621000000| PB 0x0000000621000000| Untracked 
| 125|0x0000000621400000, 0x0000000621400000, 0x0000000621800000|  0%| F|  |TAMS 0x0000000621400000| PB 0x0000000621400000| Untracked 
| 126|0x0000000621800000, 0x0000000621a6de60, 0x0000000621c00000| 60%| E|  |TAMS 0x0000000621800000| PB 0x0000000621800000| Complete 
| 127|0x0000000621c00000, 0x0000000622000000, 0x0000000622000000|100%| E|CS|TAMS 0x0000000621c00000| PB 0x0000000621c00000| Complete 

Card table byte_map: [0x000002c2f73a0000,0x000002c2f8390000] _byte_map_base: 0x000002c2f4390000

Marking Bits: (CMBitMap*) 0x000002c2edc69800
 Bits: [0x000002c28f000000, 0x000002c296f80000)

Polling page: 0x000002c2ed390000

Metaspace:

Usage:
  Non-class:      1.10 MB used.
      Class:    107.78 KB used.
       Both:      1.21 MB used.

Virtual space:
  Non-class space:       64.00 MB reserved,       1.12 MB (  2%) committed,  1 nodes.
      Class space:        1.00 GB reserved,     192.00 KB ( <1%) committed,  1 nodes.
             Both:        1.06 GB reserved,       1.31 MB ( <1%) committed. 

Chunk freelists:
   Non-Class:  11.67 MB
       Class:  15.69 MB
        Both:  27.36 MB

MaxMetaspaceSize: unlimited
CompressedClassSpaceSize: 1.00 GB
Initial GC threshold: 21.00 MB
Current GC threshold: 21.00 MB
CDS: on
 - commit_granule_bytes: 65536.
 - commit_granule_words: 8192.
 - virtual_space_node_default_size: 8388608.
 - enlarge_chunks_in_place: 1.
 - use_allocation_guard: 0.


Internal statistics:

num_allocs_failed_limit: 0.
num_arena_births: 26.
num_arena_deaths: 0.
num_vsnodes_births: 2.
num_vsnodes_deaths: 0.
num_space_committed: 21.
num_space_uncommitted: 0.
num_chunks_returned_to_freelist: 0.
num_chunks_taken_from_freelist: 48.
num_chunk_merges: 0.
num_chunk_splits: 32.
num_chunks_enlarged: 23.
num_inconsistent_stats: 0.

CodeHeap 'non-profiled nmethods': size=120000Kb used=121Kb max_used=121Kb free=119878Kb
 bounds [0x000002c287ad0000, 0x000002c287d40000, 0x000002c28f000000]
CodeHeap 'profiled nmethods': size=120000Kb used=491Kb max_used=491Kb free=119508Kb
 bounds [0x000002c280000000, 0x000002c280270000, 0x000002c287530000]
CodeHeap 'non-nmethods': size=5760Kb used=1293Kb max_used=1308Kb free=4466Kb
 bounds [0x000002c287530000, 0x000002c2877a0000, 0x000002c287ad0000]
 total_blobs=781 nmethods=372 adapters=314
 compilation: enabled
              stopped_count=0, restarted_count=0
 full_count=0

Compilation events (20 events):
Event: 0.240 Thread 0x000002c2dc12bb70 nmethod 355 0x000002c280077110 code [0x000002c2800772c0, 0x000002c280077678]
Event: 0.240 Thread 0x000002c2dc12bb70  356       3       java.nio.Buffer::session (20 bytes)
Event: 0.240 Thread 0x000002c2dc12bb70 nmethod 356 0x000002c280077810 code [0x000002c2800779e0, 0x000002c280077cc8]
Event: 0.240 Thread 0x000002c2dc12bb70  357       1       java.security.CodeSource::getLocationNoFragString (5 bytes)
Event: 0.240 Thread 0x000002c2dc101b70 nmethod 358 0x000002c287aecd90 code [0x000002c287aecf20, 0x000002c287aecfb0]
Event: 0.240 Thread 0x000002c2dc12bb70 nmethod 357 0x000002c287aed090 code [0x000002c287aed220, 0x000002c287aed2f0]
Event: 0.240 Thread 0x000002c2dc12bb70  359       3       java.util.HashSet::add (20 bytes)
Event: 0.240 Thread 0x000002c2dc12bb70 nmethod 359 0x000002c280077d90 code [0x000002c280077f40, 0x000002c280078180]
Event: 0.241 Thread 0x000002c2dc12bb70  360       1       java.util.concurrent.locks.AbstractOwnableSynchronizer::setExclusiveOwnerThread (6 bytes)
Event: 0.241 Thread 0x000002c2dc12bb70 nmethod 360 0x000002c287aed390 code [0x000002c287aed520, 0x000002c287aed638]
Event: 0.241 Thread 0x000002c2dc12bb70  361       3       sun.nio.cs.SingleByte$Encoder::encode (32 bytes)
Event: 0.241 Thread 0x000002c2dc12bb70 nmethod 361 0x000002c280078290 code [0x000002c280078440, 0x000002c280078628]
Event: 0.243 Thread 0x000002c2dc12bb70  363       1       java.util.concurrent.locks.AbstractQueuedSynchronizer::getState (5 bytes)
Event: 0.243 Thread 0x000002c2dc12bb70 nmethod 363 0x000002c287aeda90 code [0x000002c287aedc20, 0x000002c287aedce8]
Event: 0.243 Thread 0x000002c2dc12bb70  364       1       java.util.concurrent.locks.AbstractOwnableSynchronizer::getExclusiveOwnerThread (5 bytes)
Event: 0.243 Thread 0x000002c2dc12bb70 nmethod 364 0x000002c287aedd90 code [0x000002c287aedf20, 0x000002c287aedff0]
Event: 0.243 Thread 0x000002c2dc12bb70  365       1       java.util.concurrent.locks.AbstractQueuedSynchronizer::setState (6 bytes)
Event: 0.243 Thread 0x000002c2dc12bb70 nmethod 365 0x000002c287aee090 code [0x000002c287aee220, 0x000002c287aee2f0]
Event: 0.244 Thread 0x000002c2dc12bb70  366       3       jdk.internal.ref.CleanerFactory::cleaner (4 bytes)
Event: 0.244 Thread 0x000002c2dc12bb70 nmethod 366 0x000002c280078790 code [0x000002c280078920, 0x000002c280078a18]

GC Heap History (0 events):
No events

Dll operation events (6 events):
Event: 0.019 Loaded shared library D:\jdks\corretto-21.0.2\bin\java.dll
Event: 0.060 Loaded shared library D:\jdks\corretto-21.0.2\bin\jsvml.dll
Event: 0.078 Loaded shared library D:\jdks\corretto-21.0.2\bin\net.dll
Event: 0.083 Loaded shared library D:\jdks\corretto-21.0.2\bin\nio.dll
Event: 0.091 Loaded shared library D:\jdks\corretto-21.0.2\bin\zip.dll
Event: 0.244 Loaded shared library D:\Programs\apache-maven-3.9.8\lib\jansi-native\Windows\x86_64\jansi.dll

Deoptimization events (20 events):
Event: 0.125 Thread 0x000002c2eb7aa1c0 Uncommon trap: trap_request=0xffffff45 fr.pc=0x000002c287ad8bfc relative=0x00000000000002bc
Event: 0.125 Thread 0x000002c2eb7aa1c0 Uncommon trap: reason=unstable_if action=reinterpret pc=0x000002c287ad8bfc method=java.lang.StringLatin1.hashCode([B)I @ 2 c2
Event: 0.125 Thread 0x000002c2eb7aa1c0 DEOPT PACKING pc=0x000002c287ad8bfc sp=0x000000fed00fd760
Event: 0.125 Thread 0x000002c2eb7aa1c0 DEOPT UNPACKING pc=0x000002c2875846a2 sp=0x000000fed00fd698 mode 2
Event: 0.145 Thread 0x000002c2eb7aa1c0 DEOPT PACKING pc=0x000002c28002a1d5 sp=0x000000fed00fe1b0
Event: 0.146 Thread 0x000002c2eb7aa1c0 DEOPT UNPACKING pc=0x000002c287584e42 sp=0x000000fed00fd620 mode 0
Event: 0.146 Thread 0x000002c2eb7aa1c0 DEOPT PACKING pc=0x000002c28002a1d5 sp=0x000000fed00fe1b0
Event: 0.146 Thread 0x000002c2eb7aa1c0 DEOPT UNPACKING pc=0x000002c287584e42 sp=0x000000fed00fd620 mode 0
Event: 0.146 Thread 0x000002c2eb7aa1c0 DEOPT PACKING pc=0x000002c28002a1d5 sp=0x000000fed00fe1b0
Event: 0.146 Thread 0x000002c2eb7aa1c0 DEOPT UNPACKING pc=0x000002c287584e42 sp=0x000000fed00fd620 mode 0
Event: 0.148 Thread 0x000002c2eb7aa1c0 DEOPT PACKING pc=0x000002c28002a1d5 sp=0x000000fed00fe1b0
Event: 0.148 Thread 0x000002c2eb7aa1c0 DEOPT UNPACKING pc=0x000002c287584e42 sp=0x000000fed00fd620 mode 0
Event: 0.205 Thread 0x000002c2eb7aa1c0 Uncommon trap: trap_request=0xffffff45 fr.pc=0x000002c287adab70 relative=0x0000000000000150
Event: 0.205 Thread 0x000002c2eb7aa1c0 Uncommon trap: reason=unstable_if action=reinterpret pc=0x000002c287adab70 method=java.lang.StringCoding.countPositives([BII)I @ 17 c2
Event: 0.205 Thread 0x000002c2eb7aa1c0 DEOPT PACKING pc=0x000002c287adab70 sp=0x000000fed00fa500
Event: 0.205 Thread 0x000002c2eb7aa1c0 DEOPT UNPACKING pc=0x000002c2875846a2 sp=0x000000fed00fa4a0 mode 2
Event: 0.219 Thread 0x000002c2eb7aa1c0 Uncommon trap: trap_request=0xffffff45 fr.pc=0x000002c287ae4998 relative=0x0000000000000078
Event: 0.219 Thread 0x000002c2eb7aa1c0 Uncommon trap: reason=unstable_if action=reinterpret pc=0x000002c287ae4998 method=java.io.WinNTFileSystem.isSlash(C)Z @ 9 c2
Event: 0.219 Thread 0x000002c2eb7aa1c0 DEOPT PACKING pc=0x000002c287ae4998 sp=0x000000fed00fe680
Event: 0.219 Thread 0x000002c2eb7aa1c0 DEOPT UNPACKING pc=0x000002c2875846a2 sp=0x000000fed00fe608 mode 2

Classes loaded (20 events):
Event: 0.237 Loading class java/lang/AssertionError
Event: 0.238 Loading class java/lang/AssertionError done
Event: 0.238 Loading class java/lang/UnsatisfiedLinkError
Event: 0.238 Loading class java/lang/UnsatisfiedLinkError done
Event: 0.238 Loading class java/util/LinkedList
Event: 0.239 Loading class java/util/AbstractSequentialList
Event: 0.239 Loading class java/util/AbstractSequentialList done
Event: 0.239 Loading class java/util/LinkedList done
Event: 0.239 Loading class java/lang/ClassFormatError
Event: 0.239 Loading class java/lang/ClassFormatError done
Event: 0.239 Loading class java/security/PrivilegedActionException
Event: 0.239 Loading class java/security/PrivilegedActionException done
Event: 0.240 Loading class java/lang/Throwable$WrappedPrintStream
Event: 0.240 Loading class java/lang/Throwable$PrintStreamOrWriter
Event: 0.240 Loading class java/lang/Throwable$PrintStreamOrWriter done
Event: 0.240 Loading class java/lang/Throwable$WrappedPrintStream done
Event: 0.240 Loading class java/lang/StackTraceElement$HashedModules
Event: 0.240 Loading class java/lang/StackTraceElement$HashedModules done
Event: 0.244 Loading class jdk/internal/loader/NativeLibraries$Unloader
Event: 0.244 Loading class jdk/internal/loader/NativeLibraries$Unloader done

Classes unloaded (0 events):
No events

Classes redefined (0 events):
No events

Internal exceptions (5 events):
Event: 0.123 Thread 0x000002c2eb7aa1c0 Exception <a 'java/lang/NoSuchMethodError'{0x0000000621ef9540}: 'int java.lang.invoke.DirectMethodHandle$Holder.invokeSpecial(java.lang.Object, java.lang.Object, java.lang.Object)'> (0x0000000621ef9540) 
thrown [s\src\hotspot\share\interpreter\linkResolver.cpp, line 773]
Event: 0.225 Thread 0x000002c2eb7aa1c0 Exception <a 'java/lang/NoSuchMethodError'{0x0000000621921fd8}: 'java.lang.Object java.lang.invoke.Invokers$Holder.invokeExact_MT(java.lang.Object, java.lang.Object, java.lang.Object, java.lang.Object, java.lang.Object)'> (0x0000000621921fd8) 
thrown [s\src\hotspot\share\interpreter\linkResolver.cpp, line 773]
Event: 0.236 Thread 0x000002c2eb7aa1c0 Exception <a 'java/lang/NullPointerException'{0x000000062197b2f8}> (0x000000062197b2f8) 
thrown [s\src\hotspot\share\interpreter\linkResolver.cpp, line 1372]
Event: 0.239 Thread 0x000002c2dc5b7db0 StackOverflowError at 0x000002c287ad3360
Event: 0.239 Thread 0x000002c2dc5b7db0 Exception <a 'java/lang/StackOverflowError'{0x00000006219f5548}> (0x00000006219f5548) 
thrown [s\src\hotspot\share\runtime\sharedRuntime.cpp, line 625]

ZGC Phase Switch (0 events):
No events

VM Operations (4 events):
Event: 0.092 Executing VM operation: HandshakeAllThreads (Deoptimize)
Event: 0.092 Executing VM operation: HandshakeAllThreads (Deoptimize) done
Event: 0.235 Executing VM operation: HandshakeAllThreads (Deoptimize)
Event: 0.235 Executing VM operation: HandshakeAllThreads (Deoptimize) done

Events (12 events):
Event: 0.036 Thread 0x000002c2eb7aa1c0 Thread added: 0x000002c2eb7aa1c0
Event: 0.055 Thread 0x000002c2fa9c1c90 Thread added: 0x000002c2fa9c1c90
Event: 0.055 Thread 0x000002c2fa9c27f0 Thread added: 0x000002c2fa9c27f0
Event: 0.056 Thread 0x000002c2fa9c68c0 Thread added: 0x000002c2fa9c68c0
Event: 0.056 Thread 0x000002c2fa9c75a0 Thread added: 0x000002c2fa9c75a0
Event: 0.056 Thread 0x000002c2fa9cc020 Thread added: 0x000002c2fa9cc020
Event: 0.056 Thread 0x000002c2dc100dc0 Thread added: 0x000002c2dc100dc0
Event: 0.056 Thread 0x000002c2dc101b70 Thread added: 0x000002c2dc101b70
Event: 0.056 Thread 0x000002c2dc12bb70 Thread added: 0x000002c2dc12bb70
Event: 0.068 Thread 0x000002c2dc2bc6d0 Thread added: 0x000002c2dc2bc6d0
Event: 0.070 Thread 0x000002c2dc2bf160 Thread added: 0x000002c2dc2bf160
Event: 0.238 Thread 0x000002c2dc5b7db0 Thread added: 0x000002c2dc5b7db0


Dynamic libraries:
0x00007ff731b40000 - 0x00007ff731b4e000 	D:\jdks\corretto-21.0.2\bin\java.exe
0x00007ffde7910000 - 0x00007ffde7b08000 	C:\WINDOWS\SYSTEM32\ntdll.dll
0x00007ffde5940000 - 0x00007ffde5a01000 	C:\WINDOWS\System32\KERNEL32.DLL
0x00007ffde5030000 - 0x00007ffde5326000 	C:\WINDOWS\System32\KERNELBASE.dll
0x00007ffde4bf0000 - 0x00007ffde4d3c000 	C:\Windows\system32\hmpalert.dll
0x00007ffde5330000 - 0x00007ffde5430000 	C:\WINDOWS\System32\ucrtbase.dll
0x00007ffdd50c0000 - 0x00007ffdd50db000 	D:\jdks\corretto-21.0.2\bin\VCRUNTIME140.dll
0x00007ffdc70e0000 - 0x00007ffdc70f8000 	D:\jdks\corretto-21.0.2\bin\jli.dll
0x00007ffde66a0000 - 0x00007ffde683f000 	C:\WINDOWS\System32\USER32.dll
0x00007ffde5910000 - 0x00007ffde5932000 	C:\WINDOWS\System32\win32u.dll
0x00007ffde7450000 - 0x00007ffde747b000 	C:\WINDOWS\System32\GDI32.dll
0x00007ffde55c0000 - 0x00007ffde56d7000 	C:\WINDOWS\System32\gdi32full.dll
0x00007ffde56e0000 - 0x00007ffde577d000 	C:\WINDOWS\System32\msvcp_win.dll
0x00007ffdd4980000 - 0x00007ffdd4c1a000 	C:\WINDOWS\WinSxS\amd64_microsoft.windows.common-controls_6595b64144ccf1df_6.0.19041.4355_none_60b8b9eb71f62e16\COMCTL32.dll
0x00007ffde7480000 - 0x00007ffde751e000 	C:\WINDOWS\System32\msvcrt.dll
0x00007ffde7840000 - 0x00007ffde786f000 	C:\WINDOWS\System32\IMM32.DLL
0x00007ffdd9780000 - 0x00007ffdd978c000 	D:\jdks\corretto-21.0.2\bin\vcruntime140_1.dll
0x00007ffdb78b0000 - 0x00007ffdb793d000 	D:\jdks\corretto-21.0.2\bin\msvcp140.dll
0x00007ffd7a300000 - 0x00007ffd7b090000 	D:\jdks\corretto-21.0.2\bin\server\jvm.dll
0x00007ffde5ee0000 - 0x00007ffde5f90000 	C:\WINDOWS\System32\ADVAPI32.dll
0x00007ffde6a50000 - 0x00007ffde6af0000 	C:\WINDOWS\System32\sechost.dll
0x00007ffde7260000 - 0x00007ffde7383000 	C:\WINDOWS\System32\RPCRT4.dll
0x00007ffde5590000 - 0x00007ffde55b7000 	C:\WINDOWS\System32\bcrypt.dll
0x00007ffde6980000 - 0x00007ffde69eb000 	C:\WINDOWS\System32\WS2_32.dll
0x00007ffde46d0000 - 0x00007ffde471b000 	C:\WINDOWS\SYSTEM32\POWRPROF.dll
0x00007ffddfb30000 - 0x00007ffddfb3a000 	C:\WINDOWS\SYSTEM32\VERSION.dll
0x00007ffdd7500000 - 0x00007ffdd7527000 	C:\WINDOWS\SYSTEM32\WINMM.dll
0x00007ffde4590000 - 0x00007ffde45a2000 	C:\WINDOWS\SYSTEM32\UMPDC.dll
0x00007ffde2af0000 - 0x00007ffde2b02000 	C:\WINDOWS\SYSTEM32\kernel.appcore.dll
0x00007ffdd9520000 - 0x00007ffdd952a000 	D:\jdks\corretto-21.0.2\bin\jimage.dll
0x00007ffdde920000 - 0x00007ffddeb04000 	C:\WINDOWS\SYSTEM32\DBGHELP.DLL
0x00007ffddd150000 - 0x00007ffddd184000 	C:\WINDOWS\SYSTEM32\dbgcore.DLL
0x00007ffde57d0000 - 0x00007ffde5852000 	C:\WINDOWS\System32\bcryptPrimitives.dll
0x00007ffdc5630000 - 0x00007ffdc564f000 	D:\jdks\corretto-21.0.2\bin\java.dll
0x00007ffde6af0000 - 0x00007ffde725c000 	C:\WINDOWS\System32\SHELL32.dll
0x00007ffde2cf0000 - 0x00007ffde348e000 	C:\WINDOWS\SYSTEM32\windows.storage.dll
0x00007ffde5a10000 - 0x00007ffde5d63000 	C:\WINDOWS\System32\combase.dll
0x00007ffde47b0000 - 0x00007ffde47de000 	C:\WINDOWS\SYSTEM32\Wldp.dll
0x00007ffde65d0000 - 0x00007ffde669d000 	C:\WINDOWS\System32\OLEAUT32.dll
0x00007ffde73a0000 - 0x00007ffde744d000 	C:\WINDOWS\System32\SHCORE.dll
0x00007ffde69f0000 - 0x00007ffde6a45000 	C:\WINDOWS\System32\shlwapi.dll
0x00007ffde4ef0000 - 0x00007ffde4f14000 	C:\WINDOWS\SYSTEM32\profapi.dll
0x00007ffdb5be0000 - 0x00007ffdb5cb7000 	D:\jdks\corretto-21.0.2\bin\jsvml.dll
0x00007ffdd8980000 - 0x00007ffdd8990000 	D:\jdks\corretto-21.0.2\bin\net.dll
0x00007ffdde650000 - 0x00007ffdde75a000 	C:\WINDOWS\SYSTEM32\WINHTTP.dll
0x00007ffde4520000 - 0x00007ffde458a000 	C:\WINDOWS\system32\mswsock.dll
0x00007ffdc4ee0000 - 0x00007ffdc4ef6000 	D:\jdks\corretto-21.0.2\bin\nio.dll
0x00007ffdc4540000 - 0x00007ffdc4558000 	D:\jdks\corretto-21.0.2\bin\zip.dll
0x00007ffdbc890000 - 0x00007ffdbc8b4000 	D:\Programs\apache-maven-3.9.8\lib\jansi-native\Windows\x86_64\jansi.dll

dbghelp: loaded successfully - version: 4.0.5 - missing functions: none
symbol engine: initialized successfully - sym options: 0x614 - pdb path: .;D:\jdks\corretto-21.0.2\bin;C:\WINDOWS\SYSTEM32;C:\WINDOWS\WinSxS\amd64_microsoft.windows.common-controls_6595b64144ccf1df_6.0.19041.4355_none_60b8b9eb71f62e16;D:\jdks\corretto-21.0.2\bin\server;D:\Programs\apache-maven-3.9.8\lib\jansi-native\Windows\x86_64

VM Arguments:
jvm_args: -Dclassworlds.conf=D:\Programs\apache-maven-3.9.8\bin\m2.conf -Dmaven.home=D:\Programs\apache-maven-3.9.8 -Dlibrary.jansi.path=D:\Programs\apache-maven-3.9.8\lib\jansi-native -Dmaven.multiModuleProjectDirectory=D:\work\in28minutes\spring-microservices-v2-main\05.kubernetes\currency-conversion-service 
java_command: org.codehaus.plexus.classworlds.launcher.Launcher spring-boot:build-image
java_class_path (initial): D:\Programs\apache-maven-3.9.8\boot\plexus-classworlds-2.8.0.jar
Launcher Type: SUN_STANDARD

[Global flags]
     intx CICompilerCount                          = 3                                         {product} {ergonomic}
     uint ConcGCThreads                            = 2                                         {product} {ergonomic}
     uint G1ConcRefinementThreads                  = 6                                         {product} {ergonomic}
   size_t G1HeapRegionSize                         = 4194304                                   {product} {ergonomic}
    uintx GCDrainStackTargetSize                   = 64                                        {product} {ergonomic}
   size_t InitialHeapSize                          = 536870912                                 {product} {ergonomic}
   size_t MarkStackSize                            = 4194304                                   {product} {ergonomic}
   size_t MaxHeapSize                              = 8556380160                                {product} {ergonomic}
   size_t MaxNewSize                               = 5133828096                                {product} {ergonomic}
   size_t MinHeapDeltaBytes                        = 4194304                                   {product} {ergonomic}
   size_t MinHeapSize                              = 8388608                                   {product} {ergonomic}
    uintx NonNMethodCodeHeapSize                   = 5832780                                {pd product} {ergonomic}
    uintx NonProfiledCodeHeapSize                  = 122912730                              {pd product} {ergonomic}
    uintx ProfiledCodeHeapSize                     = 122912730                              {pd product} {ergonomic}
    uintx ReservedCodeCacheSize                    = 251658240                              {pd product} {ergonomic}
     bool SegmentedCodeCache                       = true                                      {product} {ergonomic}
   size_t SoftMaxHeapSize                          = 8556380160                             {manageable} {ergonomic}
     bool UseCompressedOops                        = true                           {product lp64_product} {ergonomic}
     bool UseG1GC                                  = true                                      {product} {ergonomic}
     bool UseLargePagesIndividualAllocation        = false                                  {pd product} {ergonomic}

Logging:
Log output configuration:
 #0: stdout all=warning uptime,level,tags foldmultilines=false
 #1: stderr all=off uptime,level,tags foldmultilines=false

Environment Variables:
JAVA_HOME=D:\jdks\corretto-21.0.2
PATH=C:\Users\mahtirschii\AppData\Local\Google\Cloud SDK\google-cloud-sdk\bin;C:\Windows\System32;C:\Windows;C:\Windows\System32\wbem;C:\Windows\System32\WindowsPowerShell\v1.0\;C:\Users\mahtirschii\AppData\Roaming\npm;C:\Program Files\PostgreSQL\9.6\bin;C:\Program Files\PostgreSQL\9.6\lib;C:\ProgramData\chocolatey\bin;C:\Program Files\nodejs\;C:\Windows\System32\OpenSSH\;C:\Program Files\Microsoft VS Code\bin;C:\Program Files (x86)\Microsoft SQL Server\150\DTS\Binn\;C:\Program Files\Microsoft SQL Server\Client SDK\ODBC\170\Tools\Binn\;C:\Program Files (x86)\Microsoft SQL Server\150\Tools\Binn\;C:\Program Files\Microsoft SQL Server\150\Tools\Binn\;C:\Program Files\Microsoft SQL Server\150\DTS\Binn\;C:\Program Files\PuTTY\;D:\cygwin64\bin;D:\cygwin64\sbin;C:\WINDOWS\SysWow64;C:\Program Files (x86)\Gpg4win\..\GnuPG\bin;C:\Program Files\Git\cmd;C:\Program Files\Docker\Docker\resources\bin;C:\Users\mahtirschii\AppData\Local\Microsoft\WindowsApps;D:\Downloads\OpenJDK11U-jdk_x64_windows_hotspot_11.0.16.1_1\jdk-11.0.16.1+1\bin;D:\Programs\apache-maven-3.9.8\bin;C:\Users\mahtirschii\AppData\Roaming\npm;C:\Users\mahtirschii\bin\Sencha\Cmd\6.6.0.13;C:\Program Files\KNIME;D:\apps\rubyinstaller-2.5.1-2-x64\bin;C:\Users\mahtirschii\AppData\Local\JetBrains\IntelliJ IDEA 2021.2\bin;C:\Users\mahtirschii\AppData\Local\GnuPG\bin;D:\Downloads\gradle-7.6\bin;C:\Program Files\PostgreSQL\15\bin;C:\Users\mahtirschii\AppData\Local\JetBrains\IntelliJ IDEA 2023.2\bin;;;
USERNAME=mahtirschii
OS=Windows_NT
PROCESSOR_IDENTIFIER=Intel64 Family 6 Model 158 Stepping 10, GenuineIntel
TMP=C:\Users\MAHTIR~1\AppData\Local\Temp
TEMP=C:\Users\MAHTIR~1\AppData\Local\Temp




Periodic native trim disabled

---------------  S Y S T E M  ---------------

OS:
 Windows 10 , 64 bit Build 19041 (10.0.19041.4597)
OS uptime: 5 days 19:57 hours
Hyper-V role detected

CPU: total 6 (initial active 6) (6 cores per cpu, 1 threads per core) family 6 model 158 stepping 10 microcode 0xb4, cx8, cmov, fxsr, mmx, 3dnowpref, sse, sse2, sse3, ssse3, sse4.1, sse4.2, popcnt, lzcnt, tsc, tscinvbit, avx, avx2, aes, erms, clmul, bmi1, bmi2, adx, fma, vzeroupper, clflush, clflushopt, hv, rdtscp, f16c
Processor Information for all 6 processors :
  Max Mhz: 2808, Current Mhz: 2808, Mhz Limit: 2808

Memory: 4k page, system-wide physical 32639M (3653M free)
TotalPageFile size 40831M (AvailPageFile size 0M)
current process WorkingSet (physical memory assigned to process): 44M, peak: 45M
current process commit charge ("private bytes"): 603M, peak: 603M

vm_info: OpenJDK 64-Bit Server VM (21.0.2+13-LTS) for windows-amd64 JRE (21.0.2+13-LTS), built on 2024-01-10T23:18:03Z by "Administrator" with MS VC++ 16.10 / 16.11 (VS2019)

END.
